0 info it worked if it ends with ok
1 verbose cli [ 'c:\\Program Files\\nodejs\\node.exe',
1 verbose cli   'c:\\Program Files\\nodejs\\node_modules\\npm\\bin\\npm-cli.js',
1 verbose cli   'install' ]
2 info using npm@1.3.21
3 info using node@v0.10.24
4 verbose readDependencies using package.json deps
5 verbose install where, deps [ 'c:\\xampp\\htdocs\\git\\javascriptsamplecodes\\Nodejs\\express_example',
5 verbose install   [ 'express', 'jade', 'styleus' ] ]
6 info preinstall application-name@0.0.1
7 verbose readDependencies using package.json deps
8 verbose cache add [ 'express@3.4.8', null ]
9 verbose cache add name=undefined spec="express@3.4.8" args=["express@3.4.8",null]
10 verbose parsed url { protocol: null,
10 verbose parsed url   slashes: null,
10 verbose parsed url   auth: null,
10 verbose parsed url   host: null,
10 verbose parsed url   port: null,
10 verbose parsed url   hostname: null,
10 verbose parsed url   hash: null,
10 verbose parsed url   search: null,
10 verbose parsed url   query: null,
10 verbose parsed url   pathname: 'express@3.4.8',
10 verbose parsed url   path: 'express@3.4.8',
10 verbose parsed url   href: 'express@3.4.8' }
11 verbose cache add name="express" spec="3.4.8" args=["express","3.4.8"]
12 verbose parsed url { protocol: null,
12 verbose parsed url   slashes: null,
12 verbose parsed url   auth: null,
12 verbose parsed url   host: null,
12 verbose parsed url   port: null,
12 verbose parsed url   hostname: null,
12 verbose parsed url   hash: null,
12 verbose parsed url   search: null,
12 verbose parsed url   query: null,
12 verbose parsed url   pathname: '3.4.8',
12 verbose parsed url   path: '3.4.8',
12 verbose parsed url   href: '3.4.8' }
13 verbose addNamed [ 'express', '3.4.8' ]
14 verbose addNamed [ '3.4.8', '3.4.8' ]
15 verbose cache add [ 'jade@*', null ]
16 verbose cache add name=undefined spec="jade@*" args=["jade@*",null]
17 verbose parsed url { protocol: null,
17 verbose parsed url   slashes: null,
17 verbose parsed url   auth: null,
17 verbose parsed url   host: null,
17 verbose parsed url   port: null,
17 verbose parsed url   hostname: null,
17 verbose parsed url   hash: null,
17 verbose parsed url   search: null,
17 verbose parsed url   query: null,
17 verbose parsed url   pathname: 'jade@*',
17 verbose parsed url   path: 'jade@*',
17 verbose parsed url   href: 'jade@*' }
18 verbose cache add name="jade" spec="*" args=["jade","*"]
19 verbose parsed url { protocol: null,
19 verbose parsed url   slashes: null,
19 verbose parsed url   auth: null,
19 verbose parsed url   host: null,
19 verbose parsed url   port: null,
19 verbose parsed url   hostname: null,
19 verbose parsed url   hash: null,
19 verbose parsed url   search: null,
19 verbose parsed url   query: null,
19 verbose parsed url   pathname: '*',
19 verbose parsed url   path: '*',
19 verbose parsed url   href: '*' }
20 verbose addNamed [ 'jade', '*' ]
21 verbose addNamed [ null, '*' ]
22 verbose cache add [ 'styleus@*', null ]
23 verbose cache add name=undefined spec="styleus@*" args=["styleus@*",null]
24 verbose parsed url { protocol: null,
24 verbose parsed url   slashes: null,
24 verbose parsed url   auth: null,
24 verbose parsed url   host: null,
24 verbose parsed url   port: null,
24 verbose parsed url   hostname: null,
24 verbose parsed url   hash: null,
24 verbose parsed url   search: null,
24 verbose parsed url   query: null,
24 verbose parsed url   pathname: 'styleus@*',
24 verbose parsed url   path: 'styleus@*',
24 verbose parsed url   href: 'styleus@*' }
25 verbose cache add name="styleus" spec="*" args=["styleus","*"]
26 verbose parsed url { protocol: null,
26 verbose parsed url   slashes: null,
26 verbose parsed url   auth: null,
26 verbose parsed url   host: null,
26 verbose parsed url   port: null,
26 verbose parsed url   hostname: null,
26 verbose parsed url   hash: null,
26 verbose parsed url   search: null,
26 verbose parsed url   query: null,
26 verbose parsed url   pathname: '*',
26 verbose parsed url   path: '*',
26 verbose parsed url   href: '*' }
27 verbose addNamed [ 'styleus', '*' ]
28 verbose addNamed [ null, '*' ]
29 silly lockFile 15cb8528-express-3-4-8 express@3.4.8
30 verbose lock express@3.4.8 C:\Users\young\AppData\Roaming\npm-cache\15cb8528-express-3-4-8.lock
31 silly lockFile ad03ed78-jade jade@*
32 verbose lock jade@* C:\Users\young\AppData\Roaming\npm-cache\ad03ed78-jade.lock
33 silly lockFile 1f3daad0-styleus styleus@*
34 verbose lock styleus@* C:\Users\young\AppData\Roaming\npm-cache\1f3daad0-styleus.lock
35 silly addNameRange { name: 'jade', range: '*', hasData: false }
36 silly addNameRange { name: 'styleus', range: '*', hasData: false }
37 verbose url raw styleus
38 verbose url resolving [ 'https://registry.npmjs.org/', './styleus' ]
39 verbose url resolved https://registry.npmjs.org/styleus
40 info trying registry request attempt 1 at 14:16:30
41 http GET https://registry.npmjs.org/styleus
42 verbose url raw express/3.4.8
43 verbose url resolving [ 'https://registry.npmjs.org/', './express/3.4.8' ]
44 verbose url resolved https://registry.npmjs.org/express/3.4.8
45 info trying registry request attempt 1 at 14:16:30
46 verbose etag "5RYR34IJO3VMXZ5H8XN20AM2Y"
47 http GET https://registry.npmjs.org/express/3.4.8
48 verbose url raw jade
49 verbose url resolving [ 'https://registry.npmjs.org/', './jade' ]
50 verbose url resolved https://registry.npmjs.org/jade
51 info trying registry request attempt 1 at 14:16:30
52 verbose etag "2P1NZKVLAJ1HSBHRODLHSNUC9"
53 http GET https://registry.npmjs.org/jade
54 http 304 https://registry.npmjs.org/jade
55 silly registry.get cb [ 304,
55 silly registry.get   { date: 'Tue, 21 Jan 2014 22:16:31 GMT',
55 silly registry.get     server: 'Apache',
55 silly registry.get     connection: 'Keep-Alive',
55 silly registry.get     'keep-alive': 'timeout=10, max=50',
55 silly registry.get     etag: '"2P1NZKVLAJ1HSBHRODLHSNUC9"',
55 silly registry.get     vary: 'Accept' } ]
56 verbose etag jade from cache
57 http 404 https://registry.npmjs.org/styleus
58 silly registry.get cb [ 404,
58 silly registry.get   { date: 'Tue, 21 Jan 2014 22:16:31 GMT',
58 silly registry.get     server: 'CouchDB/1.5.0 (Erlang OTP/R15B03)',
58 silly registry.get     'content-type': 'application/json',
58 silly registry.get     'cache-control': 'max-age=0',
58 silly registry.get     'content-length': '52',
58 silly registry.get     'accept-ranges': 'bytes',
58 silly registry.get     via: '1.1 varnish',
58 silly registry.get     age: '0',
58 silly registry.get     'x-served-by': 'cache-lax1433-LAX',
58 silly registry.get     'x-cache': 'MISS',
58 silly registry.get     'x-cache-hits': '0',
58 silly registry.get     'x-timer': 'S1390342591.408607244,VS0,VE48',
58 silly registry.get     'keep-alive': 'timeout=10, max=50',
58 silly registry.get     connection: 'Keep-Alive' } ]
59 silly lockFile 1f3daad0-styleus styleus@*
60 silly lockFile 1f3daad0-styleus styleus@*
61 http 304 https://registry.npmjs.org/express/3.4.8
62 silly registry.get cb [ 304,
62 silly registry.get   { date: 'Tue, 21 Jan 2014 22:16:31 GMT',
62 silly registry.get     server: 'Apache',
62 silly registry.get     connection: 'Keep-Alive',
62 silly registry.get     'keep-alive': 'timeout=10, max=50',
62 silly registry.get     etag: '"5RYR34IJO3VMXZ5H8XN20AM2Y"',
62 silly registry.get     vary: 'Accept' } ]
63 verbose etag express/3.4.8 from cache
64 error 404 'styleus' is not in the npm registry.
64 error 404 You should bug the author to publish it
64 error 404
64 error 404 Note that you can also install from a
64 error 404 tarball, folder, or http url, or git url.
65 error System Windows_NT 6.1.7601
66 error command "c:\\Program Files\\nodejs\\node.exe" "c:\\Program Files\\nodejs\\node_modules\\npm\\bin\\npm-cli.js" "install"
67 error cwd c:\xampp\htdocs\git\javascriptsamplecodes\Nodejs\express_example
68 error node -v v0.10.24
69 error npm -v 1.3.21
70 error code E404
71 verbose exit [ 1, true ]
